[2025-07-20 10:10:34] App closed and daily backup created.
[2025-07-20 10:11:17] WARNING: bar_sales.db was missing on app start.
[2025-07-20 10:12:13] WARNING: bar_sales.db was missing on app start.
[2025-07-20 10:59:40] App closed and daily backup created.
[2025-07-20 10:59:43] App closed and daily backup created.
[2025-07-20 10:59:46] App closed and daily backup created.
[2025-07-20 10:59:49] App closed and daily backup created.
[2025-07-20 10:59:52] App closed and daily backup created.
[2025-07-20 11:00:51] App closed and daily backup created.
[2025-07-20 11:04:36] App closed and daily backup created.
[2025-07-20 11:09:15] App closed and daily backup created.
[2025-07-20 11:10:20] App closed and daily backup created.
[2025-07-20 11:12:17] App closed and daily backup created.
[2025-07-20 12:56:47] Dashboard opened by admin
[2025-07-20 13:02:31] Dashboard opened by admin
[2025-07-20 13:22:11] App closed and daily backup created.
[2025-07-20 13:25:04] App closed and daily backup created.
[2025-07-20 13:25:42] Export triggered by admin
[2025-07-20 13:26:44] App closed and daily backup created.
[2025-07-20 13:27:39] App closed and daily backup created.
[2025-07-20 13:29:02] App closed and daily backup created.
[2025-07-20 13:29:18] App closed and daily backup created.
[2025-07-20 13:33:26] App closed and daily backup created.
[2025-07-20 13:36:22] App closed and daily backup created.
[2025-07-20 13:37:36] Sale recorded by comfort: black label x3 at 3.0 (Total: 9.0)
[2025-07-20 13:38:37] App closed and daily backup created.
[2025-07-20 13:39:54] Dashboard opened by admin
[2025-07-20 13:48:55] App closed and daily backup created.
